<?xml version="1.0" encoding="UTF-8" ?>
<testsuite failures="0" time="0.75" errors="0" skipped="0" tests="12" name="TestSuite">
  <properties>
[...]
</properties>
  <testcase time="0.031" classname="com.skylab.rest.service.PalindromeHelperTest" name="shouldCalulatePoints_BasedOnPalindromeString"/>
  <testcase time="0" classname="com.skylab.rest.service.PalindromeHelperTest" name="shouldNotRegisterExistingUser"/>
  <testcase time="0" classname="com.skylab.rest.service.PalindromeHelperTest" name="shouldRegisterNewUser_WithIntialScoreZero"/>
  <testcase time="0.016" classname="com.skylab.rest.service.PalindromeHelperTest" name="shouldReturnFalse_forEmptyPalindromeString"/>
  <testcase time="0" classname="com.skylab.rest.service.PalindromeHelperTest" name="shouldReturnFalse_forInValidPalindromeString"/>
  <testcase time="0" classname="com.skylab.rest.service.PalindromeHelperTest" name="shouldReturnFalse_forNullPalindromeString"/>
  <testcase time="0" classname="com.skylab.rest.service.PalindromeHelperTest" name="shouldReturnTrue_forValidPalindromeString"/>
  <testcase time="0" classname="com.skylab.rest.service.PalindromeHelperTest" name="shouldReturnTrue_forValidPalindromeString_withNumbers"/>
  <testcase time="0" classname="com.skylab.rest.service.PalindromeHelperTest" name="shouldReturnTrue_forValidPalindromeString_withSpaces"/>
  <testcase time="0" classname="com.skylab.rest.service.PalindromeHelperTest" name="shouldReturnTrue_forValidPalindromeString_withSpecialChars"/>
  <testcase time="0" classname="com.skylab.rest.service.PalindromeHelperTest" name="shouldReturnTrue_forValidPalindromeString_withSpecialChars2"/>
  <testcase time="0.047" classname="com.skylab.rest.service.PalindromeServiceTest" name="testService"/>
</testsuite>